<?xml version="1.0" encoding="UTF-8"?>
<!-- Generated by org.testng.reporters.JUnitReportReporter -->
<testsuite hostname="DESKTOP-7F3BC8M" name="com.testing.Cliniops.CustomizedReport" tests="1" failures="0" timestamp="23 Jul 2017 18:31:17 GMT" time="0.123" errors="0">
  <testcase name="test" time="0.123" classname="com.testing.Cliniops.CustomizedReport"/>
</testsuite> <!-- com.testing.Cliniops.CustomizedReport -->
